<?xml version="1.0" encoding="UTF-8"?>
<testng-results ignored="0" total="1" passed="1" failed="0" skipped="0">
  <reporter-output>
  </reporter-output>
  <suite started-at="2020-02-15T19:54:06 EET" name="Default suite" finished-at="2020-02-15T19:54:13 EET" duration-ms="7312">
    <groups>
    </groups>
    <test started-at="2020-02-15T19:54:06 EET" name="Default test" finished-at="2020-02-15T19:54:13 EET" duration-ms="7312">
      <class name="tests.Tests">
        <test-method is-config="true" signature="setUp()[pri:0, instance:tests.Tests@184cf7cf]" started-at="2020-02-15T19:54:06 EET" name="setUp" finished-at="2020-02-15T19:54:09 EET" duration-ms="2484" status="PASS">
          <reporter-output>
          </reporter-output>
        </test-method> <!-- setUp -->
        <test-method signature="TitleTest()[pri:0, instance:tests.Tests@184cf7cf]" started-at="2020-02-15T19:54:09 EET" name="TitleTest" finished-at="2020-02-15T19:54:13 EET" duration-ms="4713" status="PASS">
          <reporter-output>
          </reporter-output>
        </test-method> <!-- TitleTest -->
        <test-method is-config="true" signature="tearDown()[pri:0, instance:tests.Tests@184cf7cf]" started-at="2020-02-15T19:54:13 EET" name="tearDown" finished-at="2020-02-15T19:54:13 EET" duration-ms="72" status="PASS">
          <reporter-output>
          </reporter-output>
        </test-method> <!-- tearDown -->
      </class> <!-- tests.Tests -->
    </test> <!-- Default test -->
  </suite> <!-- Default suite -->
</testng-results>
